This file contains any messages produced by compilers while
running configure, to aid debugging if configure makes a mistake.

It was created by TooN configure version-2.0.0-beta2, which was
generated by GNU Autoconf 2.61.  Invocation command line was

  $ ./configure prefix=/home/alan/bin/toon_2009

## --------- ##
## Platform. ##
## --------- ##

hostname = stuff
uname -m = i686
uname -r = 3.8.0-26-generic
uname -s = Linux
uname -v = #38-Ubuntu SMP Mon Jun 17 21:46:08 UTC 2013

/usr/bin/uname -p = unknown
/bin/uname -X     = unknown

/bin/arch              = unknown
/usr/bin/arch -k       = unknown
/usr/convex/getsysinfo = unknown
/usr/bin/hostinfo      = unknown
/bin/machine           = unknown
/usr/bin/oslevel       = unknown
/bin/universe          = unknown

PATH: /usr/lib/lightdm/lightdm
PATH: /usr/local/sbin
PATH: /usr/local/bin
PATH: /usr/sbin
PATH: /usr/bin
PATH: /sbin
PATH: /bin
PATH: /usr/games
PATH: /usr/local/games


## ----------- ##
## Core tests. ##
## ----------- ##

configure:1716: checking for g++
configure:1732: found /usr/bin/g++
configure:1743: result: g++
configure:1774: checking for C++ compiler version
configure:1781: g++ --version >&5
g++ (Ubuntu/Linaro 4.7.3-1ubuntu1) 4.7.3
Copyright (C) 2012 Free Software Foundation, Inc.
This is free software; see the source for copying conditions.  There is NO
warranty; not even for MERCHANTABILITY or FITNESS FOR A PARTICULAR PURPOSE.

configure:1784: $? = 0
configure:1791: g++ -v >&5
Using built-in specs.
COLLECT_GCC=g++
COLLECT_LTO_WRAPPER=/usr/lib/gcc/i686-linux-gnu/4.7/lto-wrapper
Target: i686-linux-gnu
Configured with: ../src/configure -v --with-pkgversion='Ubuntu/Linaro 4.7.3-1ubuntu1' --with-bugurl=file:///usr/share/doc/gcc-4.7/README.Bugs --enable-languages=c,c++,go,fortran,objc,obj-c++ --prefix=/usr --program-suffix=-4.7 --enable-shared --enable-linker-build-id --libexecdir=/usr/lib --without-included-gettext --enable-threads=posix --with-gxx-include-dir=/usr/include/c++/4.7 --libdir=/usr/lib --enable-nls --with-sysroot=/ --enable-clocale=gnu --enable-libstdcxx-debug --enable-libstdcxx-time=yes --enable-gnu-unique-object --enable-plugin --with-system-zlib --enable-objc-gc --enable-targets=all --with-cloog --enable-cloog-backend=ppl --disable-cloog-version-check --disable-ppl-version-check --enable-multiarch --disable-werror --with-arch-32=i686 --with-multilib-list=m32,m64,mx32 --with-tune=generic --enable-checking=release --build=i686-linux-gnu --host=i686-linux-gnu --target=i686-linux-gnu
Thread model: posix
gcc version 4.7.3 (Ubuntu/Linaro 4.7.3-1ubuntu1) 
configure:1794: $? = 0
configure:1801: g++ -V >&5
g++: error: unrecognized command line option '-V'
g++: fatal error: no input files
compilation terminated.
configure:1804: $? = 4
configure:1827: checking for C++ compiler default output file name
configure:1854: g++    conftest.cpp  >&5
configure:1857: $? = 0
configure:1895: result: a.out
configure:1912: checking whether the C++ compiler works
configure:1922: ./a.out
configure:1925: $? = 0
configure:1942: result: yes
configure:1949: checking whether we are cross compiling
configure:1951: result: no
configure:1954: checking for suffix of executables
configure:1961: g++ -o conftest    conftest.cpp  >&5
configure:1964: $? = 0
configure:1988: result: 
configure:1994: checking for suffix of object files
configure:2020: g++ -c   conftest.cpp >&5
configure:2023: $? = 0
configure:2046: result: o
configure:2050: checking whether we are using the GNU C++ compiler
configure:2079: g++ -c   conftest.cpp >&5
configure:2085: $? = 0
configure:2102: result: yes
configure:2107: checking whether g++ accepts -g
configure:2137: g++ -c -g  conftest.cpp >&5
configure:2143: $? = 0
configure:2242: result: yes
configure:2278: checking for decltype
configure:2296: g++ -c -g -O2  conftest.cpp >&5
conftest.cpp: In function 'int main()':
conftest.cpp:5:25: error: ISO C++ forbids declaration of 'decltype' with no type [-fpermissive]
conftest.cpp:5:25: error: typedef 'decltype' is initialized (use decltype instead)
configure:2302: $? = 1
configure: failed program was:
| 
| 
| 		int main()
| 		{
| 			typedef decltype(int()*double()) foo;
| 		}
| 
configure:2313: result: no
configure:2323: checking for typeof
configure:2340: g++ -c -g -O2  conftest.cpp >&5
configure:2346: $? = 0
configure:2351: result: yes
configure:2607: creating ./config.status

## ---------------------- ##
## Running config.status. ##
## ---------------------- ##

This file was extended by TooN config.status version-2.0.0-beta2, which was
generated by GNU Autoconf 2.61.  Invocation command line was

  CONFIG_FILES    = 
  CONFIG_HEADERS  = 
  CONFIG_LINKS    = 
  CONFIG_COMMANDS = 
  $ ./config.status 

on stuff

config.status:588: creating Makefile
config.status:588: creating internal/config.hh
config.status:792: internal/config.hh is unchanged

## ---------------- ##
## Cache variables. ##
## ---------------- ##

ac_cv_cxx_compiler_gnu=yes
ac_cv_env_CCC_set=
ac_cv_env_CCC_value=
ac_cv_env_CPPFLAGS_set=
ac_cv_env_CPPFLAGS_value=
ac_cv_env_CXXFLAGS_set=
ac_cv_env_CXXFLAGS_value=
ac_cv_env_CXX_set=
ac_cv_env_CXX_value=
ac_cv_env_LDFLAGS_set=
ac_cv_env_LDFLAGS_value=
ac_cv_env_LIBS_set=
ac_cv_env_LIBS_value=
ac_cv_env_build_alias_set=
ac_cv_env_build_alias_value=
ac_cv_env_host_alias_set=
ac_cv_env_host_alias_value=
ac_cv_env_target_alias_set=
ac_cv_env_target_alias_value=
ac_cv_objext=o
ac_cv_prog_ac_ct_CXX=g++
ac_cv_prog_cxx_g=yes

## ----------------- ##
## Output variables. ##
## ----------------- ##

CPPFLAGS=''
CXX='g++'
CXXFLAGS='-g -O2'
DEFS='-DHAVE_CONFIG_H'
ECHO_C=''
ECHO_N='-n'
ECHO_T=''
EXEEXT=''
LDFLAGS=''
LIBOBJS=''
LIBS=''
LTLIBOBJS=''
OBJEXT='o'
PACKAGE_BUGREPORT=''
PACKAGE_NAME='TooN'
PACKAGE_STRING='TooN version-2.0.0-beta2'
PACKAGE_TARNAME='toon'
PACKAGE_VERSION='version-2.0.0-beta2'
PATH_SEPARATOR=':'
SHELL='/bin/bash'
ac_ct_CXX='g++'
bindir='${exec_prefix}/bin'
build_alias=''
datadir='${datarootdir}'
datarootdir='${prefix}/share'
docdir='${datarootdir}/doc/${PACKAGE_TARNAME}'
dvidir='${docdir}'
exec_prefix='${prefix}'
host_alias=''
htmldir='${docdir}'
includedir='${prefix}/include'
infodir='${datarootdir}/info'
libdir='${exec_prefix}/lib'
libexecdir='${exec_prefix}/libexec'
localedir='${datarootdir}/locale'
localstatedir='${prefix}/var'
mandir='${datarootdir}/man'
oldincludedir='/usr/include'
pdfdir='${docdir}'
prefix='/home/alan/bin/toon_2009'
program_transform_name='s,x,x,'
psdir='${docdir}'
sbindir='${exec_prefix}/sbin'
sharedstatedir='${prefix}/com'
sysconfdir='${prefix}/etc'
target_alias=''

## ----------- ##
## confdefs.h. ##
## ----------- ##

#define PACKAGE_NAME "TooN"
#define PACKAGE_TARNAME "toon"
#define PACKAGE_VERSION "version-2.0.0-beta2"
#define PACKAGE_STRING "TooN version-2.0.0-beta2"
#define PACKAGE_BUGREPORT ""
#define TOON_TYPEOF_TYPEOF 1

configure: exit 0
